[12-Oct-2019 11:22:52 Asia/Tokyo] PHP Fatal error:  Uncaught Error: Call to undefined function validRequired() in C:\xampp\htdocs\output\signup.php:13
Stack trace:
#0 {main}
  thrown in C:\xampp\htdocs\output\signup.php on line 13
[12-Oct-2019 11:38:31 Asia/Tokyo] PHP Notice:  Undefined index: email in C:\xampp\htdocs\output\signup.php on line 10
[12-Oct-2019 11:39:31 Asia/Tokyo] PHP Notice:  Undefined index: email in C:\xampp\htdocs\output\signup.php on line 10
[12-Oct-2019 12:05:53 Asia/Tokyo] PHP Notice:  Undefined index: email in C:\xampp\htdocs\output\signup.php on line 13
[12-Oct-2019 12:05:53 Asia/Tokyo] PHP Notice:  Undefined index: pass in C:\xampp\htdocs\output\signup.php on line 14
[12-Oct-2019 12:05:53 Asia/Tokyo] PHP Notice:  Undefined index: pass_re in C:\xampp\htdocs\output\signup.php on line 15
[12-Oct-2019 12:11:15 Asia/Tokyo] PHP Notice:  Undefined index: pass_re in C:\xampp\htdocs\output\signup.php on line 15
[12-Oct-2019 12:12:54 Asia/Tokyo] PHP Notice:  Undefined index: pass_re in C:\xampp\htdocs\output\signup.php on line 15
[12-Oct-2019 13:25:06 Asia/Tokyo] PHP Notice:  Undefined index: pass_re in C:\xampp\htdocs\output\signup.php on line 15
[12-Oct-2019 18:46:42 Asia/Tokyo] PHP Notice:  Undefined variable: email in C:\xampp\htdocs\output\signup.php on line 50
[12-Oct-2019 18:46:42 Asia/Tokyo] PHP Notice:  Undefined variable: pass in C:\xampp\htdocs\output\signup.php on line 50
[12-Oct-2019 18:46:42 Asia/Tokyo] PHP Fatal error:  Uncaught Error: Call to undefined function data() in C:\xampp\htdocs\output\signup.php:50
Stack trace:
#0 {main}
  thrown in C:\xampp\htdocs\output\signup.php on line 50
[12-Oct-2019 18:49:11 Asia/Tokyo] PHP Fatal error:  Uncaught Error: Call to undefined function data() in C:\xampp\htdocs\output\signup.php:65
Stack trace:
#0 {main}
  thrown in C:\xampp\htdocs\output\signup.php on line 65
[12-Oct-2019 18:51:36 Asia/Tokyo] PHP Fatal error:  Uncaught Error: Call to undefined function data() in C:\xampp\htdocs\output\signup.php:65
Stack trace:
#0 {main}
  thrown in C:\xampp\htdocs\output\signup.php on line 65
[12-Oct-2019 18:59:44 Asia/Tokyo] PHP Fatal error:  Uncaught Error: Call to undefined function data() in C:\xampp\htdocs\output\signup.php:64
Stack trace:
#0 {main}
  thrown in C:\xampp\htdocs\output\signup.php on line 64
[12-Oct-2019 19:04:01 Asia/Tokyo] PHP Fatal error:  Uncaught PDOException: SQLSTATE[42S22]: Column not found: 1054 Unknown column 'pass' in 'field list' in C:\xampp\htdocs\output\signup.php:68
Stack trace:
#0 C:\xampp\htdocs\output\signup.php(68): PDOStatement->execute(Array)
#1 {main}
  thrown in C:\xampp\htdocs\output\signup.php on line 68
